2017-09-30 14:30 +08:00: [HPM] Proxy created: /support-center  ->  http://172.16.220.188:8080/support-center/
2017-09-30 14:30 +08:00: [HPM] Proxy rewrite rule created: "^/support-center" ~> ""
2017-09-30 14:30 +08:00: > Starting dev server...
2017-09-30 14:30 +08:00: [HPM] Proxy created: /support-center  ->  http://172.16.220.188:8080/support-center/
2017-09-30 14:30 +08:00: [HPM] Proxy rewrite rule created: "^/support-center" ~> ""
2017-09-30 14:30 +08:00: > Starting dev server...
2017-09-30 14:30 +08:00: [HPM] Proxy created: /support-center  ->  http://172.16.220.188:8080/support-center/
2017-09-30 14:30 +08:00: [HPM] Proxy rewrite rule created: "^/support-center" ~> ""
2017-09-30 14:30 +08:00: > Starting dev server...
2017-09-30 14:31 +08:00: 
Starting to optimize CSS...
2017-09-30 14:31 +08:00: 
Starting to optimize CSS...
2017-09-30 14:31 +08:00: 
Starting to optimize CSS...
2017-09-30 14:31 +08:00: Processing static/css/app.371e366c36c809e4ae7d6d2543740e0d.css...
2017-09-30 14:31 +08:00: Processed static/css/app.371e366c36c809e4ae7d6d2543740e0d.css, before: 185448, after: 183174, ratio: 98.77%
2017-09-30 14:31 +08:00: > Listening at http://localhost:8090

2017-09-30 14:31 +08:00: Processing static/css/app.371e366c36c809e4ae7d6d2543740e0d.css...
2017-09-30 14:31 +08:00: Processed static/css/app.371e366c36c809e4ae7d6d2543740e0d.css, before: 185448, after: 183174, ratio: 98.77%
2017-09-30 14:31 +08:00: > Listening at http://localhost:8090

2017-09-30 14:31 +08:00: Processing static/css/app.371e366c36c809e4ae7d6d2543740e0d.css...
2017-09-30 14:31 +08:00: Processed static/css/app.371e366c36c809e4ae7d6d2543740e0d.css, before: 185448, after: 183174, ratio: 98.77%
2017-09-30 14:31 +08:00: > Listening at http://localhost:8090

2017-09-30 14:31 +08:00: [HPM] Proxy created: /support-center  ->  http://172.16.220.188:8080/support-center/
2017-09-30 14:31 +08:00: [HPM] Proxy rewrite rule created: "^/support-center" ~> ""
2017-09-30 14:31 +08:00: > Starting dev server...
2017-09-30 14:32 +08:00: 
Starting to optimize CSS...
2017-09-30 14:32 +08:00: Processing static/css/app.371e366c36c809e4ae7d6d2543740e0d.css...
2017-09-30 14:32 +08:00: Processed static/css/app.371e366c36c809e4ae7d6d2543740e0d.css, before: 185448, after: 183174, ratio: 98.77%
2017-09-30 14:32 +08:00: > Listening at http://localhost:8090

2017-09-30 14:41 +08:00: [HPM] Proxy created: /support-center  ->  http://172.16.220.188:8080/support-center/
2017-09-30 14:41 +08:00: [HPM] Proxy rewrite rule created: "^/support-center" ~> ""
2017-09-30 14:41 +08:00: > Starting dev server...
2017-09-30 14:42 +08:00: [HPM] Proxy created: /support-center  ->  http://172.16.220.188:8080/support-center/
2017-09-30 14:42 +08:00: [HPM] Proxy rewrite rule created: "^/support-center" ~> ""
2017-09-30 14:42 +08:00: > Starting dev server...
2017-09-30 14:42 +08:00: [HPM] Proxy created: /support-center  ->  http://172.16.220.188:8080/support-center/
2017-09-30 14:42 +08:00: [HPM] Proxy rewrite rule created: "^/support-center" ~> ""
2017-09-30 14:42 +08:00: > Starting dev server...
2017-09-30 14:42 +08:00: [HPM] Proxy created: /support-center  ->  http://172.16.220.188:8080/support-center/
2017-09-30 14:42 +08:00: [HPM] Proxy rewrite rule created: "^/support-center" ~> ""
2017-09-30 14:42 +08:00: > Starting dev server...
2017-09-30 14:43 +08:00: 
Starting to optimize CSS...
2017-09-30 14:43 +08:00: 
Starting to optimize CSS...
2017-09-30 14:43 +08:00: 
Starting to optimize CSS...
2017-09-30 14:43 +08:00: Processing static/css/app.371e366c36c809e4ae7d6d2543740e0d.css...
2017-09-30 14:43 +08:00: Processed static/css/app.371e366c36c809e4ae7d6d2543740e0d.css, before: 185448, after: 183174, ratio: 98.77%
2017-09-30 14:43 +08:00: Processing static/css/app.371e366c36c809e4ae7d6d2543740e0d.css...
2017-09-30 14:43 +08:00: Processed static/css/app.371e366c36c809e4ae7d6d2543740e0d.css, before: 185448, after: 183174, ratio: 98.77%
2017-09-30 14:43 +08:00: > Listening at http://localhost:8090

2017-09-30 14:43 +08:00: > Listening at http://localhost:8090

2017-09-30 14:43 +08:00: Processing static/css/app.371e366c36c809e4ae7d6d2543740e0d.css...
2017-09-30 14:43 +08:00: Processed static/css/app.371e366c36c809e4ae7d6d2543740e0d.css, before: 185448, after: 183174, ratio: 98.77%
2017-09-30 14:43 +08:00: > Listening at http://localhost:8090

2017-09-30 15:12 +08:00: 
Starting to optimize CSS...
2017-09-30 15:12 +08:00: Processing static/css/app.371e366c36c809e4ae7d6d2543740e0d.css...
2017-09-30 15:12 +08:00: Processed static/css/app.371e366c36c809e4ae7d6d2543740e0d.css, before: 185448, after: 183174, ratio: 98.77%
2017-09-30 15:12 +08:00: 
Starting to optimize CSS...
2017-09-30 15:12 +08:00: Processing static/css/app.371e366c36c809e4ae7d6d2543740e0d.css...
2017-09-30 15:12 +08:00: Processed static/css/app.371e366c36c809e4ae7d6d2543740e0d.css, before: 185448, after: 183174, ratio: 98.77%
2017-09-30 15:46 +08:00: 
Starting to optimize CSS...
2017-09-30 15:46 +08:00: Processing static/css/app.8202ba0f70322348204923bc44a96338.css...
2017-09-30 15:46 +08:00: Processed static/css/app.8202ba0f70322348204923bc44a96338.css, before: 185410, after: 183136, ratio: 98.77%
2017-09-30 15:47 +08:00: 
Starting to optimize CSS...
2017-09-30 15:47 +08:00: Processing static/css/app.e229df081af1f551c7b833db5923f695.css...
2017-09-30 15:47 +08:00: Processed static/css/app.e229df081af1f551c7b833db5923f695.css, before: 185430, after: 183156, ratio: 98.77%
2017-09-30 15:47 +08:00: 
Starting to optimize CSS...
2017-09-30 15:47 +08:00: Processing static/css/app.e229df081af1f551c7b833db5923f695.css...
2017-09-30 15:47 +08:00: Processed static/css/app.e229df081af1f551c7b833db5923f695.css, before: 185430, after: 183156, ratio: 98.77%
2017-09-30 16:03 +08:00: 
Starting to optimize CSS...
2017-09-30 16:03 +08:00: Processing static/css/app.e229df081af1f551c7b833db5923f695.css...
2017-09-30 16:03 +08:00: Processed static/css/app.e229df081af1f551c7b833db5923f695.css, before: 185430, after: 183156, ratio: 98.77%
2017-09-30 16:03 +08:00: 
Starting to optimize CSS...
2017-09-30 16:03 +08:00: Processing static/css/app.e229df081af1f551c7b833db5923f695.css...
2017-09-30 16:03 +08:00: Processed static/css/app.e229df081af1f551c7b833db5923f695.css, before: 185430, after: 183156, ratio: 98.77%
2017-09-30 16:03 +08:00: 
Starting to optimize CSS...
2017-09-30 16:03 +08:00: Processing static/css/app.e229df081af1f551c7b833db5923f695.css...
2017-09-30 16:03 +08:00: Processed static/css/app.e229df081af1f551c7b833db5923f695.css, before: 185430, after: 183156, ratio: 98.77%
2017-09-30 16:03 +08:00: 
Starting to optimize CSS...
2017-09-30 16:03 +08:00: Processing static/css/app.e229df081af1f551c7b833db5923f695.css...
2017-09-30 16:03 +08:00: Processed static/css/app.e229df081af1f551c7b833db5923f695.css, before: 185430, after: 183156, ratio: 98.77%
2017-09-30 16:52 +08:00: [HPM] Proxy created: /support-center  ->  http://172.16.220.188:8080/support-center/
2017-09-30 16:52 +08:00: [HPM] Proxy rewrite rule created: "^/support-center" ~> ""
2017-09-30 16:52 +08:00: > Starting dev server...
2017-09-30 16:52 +08:00: [HPM] Proxy created: /support-center  ->  http://172.16.220.188:8080/support-center/
2017-09-30 16:52 +08:00: [HPM] Proxy rewrite rule created: "^/support-center" ~> ""
2017-09-30 16:52 +08:00: > Starting dev server...
2017-09-30 16:52 +08:00: 
Starting to optimize CSS...
2017-09-30 16:52 +08:00: 
Starting to optimize CSS...
2017-09-30 16:52 +08:00: Processing static/css/app.e229df081af1f551c7b833db5923f695.css...
2017-09-30 16:52 +08:00: Processed static/css/app.e229df081af1f551c7b833db5923f695.css, before: 185430, after: 183156, ratio: 98.77%
2017-09-30 16:52 +08:00: > Listening at http://localhost:8090

2017-09-30 16:52 +08:00: Processing static/css/app.e229df081af1f551c7b833db5923f695.css...
2017-09-30 16:52 +08:00: Processed static/css/app.e229df081af1f551c7b833db5923f695.css, before: 185430, after: 183156, ratio: 98.77%
2017-09-30 16:52 +08:00: > Listening at http://localhost:8090

2017-11-01 13:46 +08:00: [HPM] Proxy created: /support-center  ->  http://172.16.60.180:8080/support-center/
2017-11-01 13:46 +08:00: [HPM] Proxy created: /support-center  ->  http://172.16.60.180:8080/support-center/
2017-11-01 13:46 +08:00: [HPM] Proxy created: /support-center  ->  http://172.16.60.180:8080/support-center/
2017-11-01 13:46 +08:00: [HPM] Proxy rewrite rule created: "^/support-center" ~> ""
2017-11-01 13:46 +08:00: > Starting dev server...
2017-11-01 13:46 +08:00: [HPM] Proxy rewrite rule created: "^/support-center" ~> ""
2017-11-01 13:46 +08:00: > Starting dev server...
2017-11-01 13:46 +08:00: [HPM] Proxy rewrite rule created: "^/support-center" ~> ""
2017-11-01 13:46 +08:00: > Starting dev server...
2017-11-01 13:47 +08:00: 
Starting to optimize CSS...
2017-11-01 13:47 +08:00: 
Starting to optimize CSS...
2017-11-01 13:47 +08:00: 
Starting to optimize CSS...
2017-11-01 13:47 +08:00: Processing static/css/app.d85820b1f175162f5d4891d5c3ee00bb.css...
2017-11-01 13:47 +08:00: Processed static/css/app.d85820b1f175162f5d4891d5c3ee00bb.css, before: 241417, after: 223225, ratio: 92.46%
2017-11-01 13:47 +08:00: Processing static/css/app.d85820b1f175162f5d4891d5c3ee00bb.css...
2017-11-01 13:47 +08:00: Processed static/css/app.d85820b1f175162f5d4891d5c3ee00bb.css, before: 241417, after: 223225, ratio: 92.46%
2017-11-01 13:47 +08:00: > Listening at http://localhost:8090

2017-11-01 13:47 +08:00: > Listening at http://localhost:8090

2017-11-01 13:47 +08:00: Processing static/css/app.d85820b1f175162f5d4891d5c3ee00bb.css...
2017-11-01 13:47 +08:00: Processed static/css/app.d85820b1f175162f5d4891d5c3ee00bb.css, before: 241417, after: 223225, ratio: 92.46%
2017-11-01 13:47 +08:00: > Listening at http://localhost:8090

2017-11-01 14:03 +08:00: [HPM] Proxy created: /support-center  ->  http://172.16.60.180:8080/support-center/
2017-11-01 14:03 +08:00: [HPM] Proxy created: /support-center  ->  http://172.16.60.180:8080/support-center/
2017-11-01 14:03 +08:00: [HPM] Proxy created: /support-center  ->  http://172.16.60.180:8080/support-center/
2017-11-01 14:03 +08:00: [HPM] Proxy rewrite rule created: "^/support-center" ~> ""
2017-11-01 14:03 +08:00: > Starting dev server...
2017-11-01 14:03 +08:00: [HPM] Proxy rewrite rule created: "^/support-center" ~> ""
2017-11-01 14:03 +08:00: > Starting dev server...
2017-11-01 14:03 +08:00: [HPM] Proxy rewrite rule created: "^/support-center" ~> ""
2017-11-01 14:03 +08:00: > Starting dev server...
2017-11-01 14:04 +08:00: 
Starting to optimize CSS...
2017-11-01 14:04 +08:00: 
Starting to optimize CSS...
2017-11-01 14:04 +08:00: 
Starting to optimize CSS...
2017-11-01 14:04 +08:00: Processing static/css/app.d85820b1f175162f5d4891d5c3ee00bb.css...
2017-11-01 14:04 +08:00: Processed static/css/app.d85820b1f175162f5d4891d5c3ee00bb.css, before: 241417, after: 223225, ratio: 92.46%
2017-11-01 14:04 +08:00: Processing static/css/app.d85820b1f175162f5d4891d5c3ee00bb.css...
2017-11-01 14:04 +08:00: Processed static/css/app.d85820b1f175162f5d4891d5c3ee00bb.css, before: 241417, after: 223225, ratio: 92.46%
2017-11-01 14:04 +08:00: > Listening at http://localhost:8090

2017-11-01 14:04 +08:00: Processing static/css/app.d85820b1f175162f5d4891d5c3ee00bb.css...
2017-11-01 14:04 +08:00: Processed static/css/app.d85820b1f175162f5d4891d5c3ee00bb.css, before: 241417, after: 223225, ratio: 92.46%
2017-11-01 14:04 +08:00: [HPM] Proxy created: /support-center  ->  http://172.16.60.180:8080/support-center/
2017-11-01 14:04 +08:00: [HPM] Proxy rewrite rule created: "^/support-center" ~> ""
2017-11-01 14:04 +08:00: > Starting dev server...
2017-11-01 14:04 +08:00: [HPM] Proxy created: /support-center  ->  http://172.16.60.180:8080/support-center/
2017-11-01 14:04 +08:00: [HPM] Proxy rewrite rule created: "^/support-center" ~> ""
2017-11-01 14:04 +08:00: > Starting dev server...
2017-11-01 14:04 +08:00: [HPM] Proxy created: /support-center  ->  http://172.16.60.180:8080/support-center/
2017-11-01 14:04 +08:00: [HPM] Proxy rewrite rule created: "^/support-center" ~> ""
2017-11-01 14:04 +08:00: > Starting dev server...
2017-11-08 16:53 +08:00: [HPM] Proxy created: /support-center  ->  http://172.16.60.180:8080/support-center/
2017-11-08 16:53 +08:00: [HPM] Proxy created: /support-center  ->  http://172.16.60.180:8080/support-center/
2017-11-08 16:53 +08:00: [HPM] Proxy rewrite rule created: "^/support-center" ~> ""
2017-11-08 16:53 +08:00: > Starting dev server...
2017-11-08 16:53 +08:00: [HPM] Proxy rewrite rule created: "^/support-center" ~> ""
2017-11-08 16:53 +08:00: > Starting dev server...
2017-11-08 16:53 +08:00: [HPM] Proxy rewrite rule created: "^/support-center" ~> ""
2017-11-08 16:53 +08:00: > Starting dev server...
2017-11-08 16:54 +08:00: 
Starting to optimize CSS...
2017-11-08 16:54 +08:00: Processing static/css/app.d85820b1f175162f5d4891d5c3ee00bb.css...
2017-11-08 16:54 +08:00: Processed static/css/app.d85820b1f175162f5d4891d5c3ee00bb.css, before: 241417, after: 223225, ratio: 92.46%
2017-11-08 16:54 +08:00: > Listening at http://localhost:8090

